D:\MyProject\dataMaker\dataMaker\Debug\cl.command.1.tlog
D:\MyProject\dataMaker\dataMaker\Debug\CL.read.1.tlog
D:\MyProject\dataMaker\dataMaker\Debug\CL.write.1.tlog
D:\MYPROJECT\DATAMAKER\DATAMAKER\DEBUG\DATAMAKER.EXE.EMBED.MANIFEST
D:\MYPROJECT\DATAMAKER\DATAMAKER\DEBUG\DATAMAKER.EXE.EMBED.MANIFEST.RES
D:\MYPROJECT\DATAMAKER\DATAMAKER\DEBUG\DATAMAKER.EXE.INTERMEDIATE.MANIFEST
D:\MYPROJECT\DATAMAKER\DATAMAKER\DEBUG\DATAMAKER.OBJ
D:\MyProject\dataMaker\dataMaker\Debug\dataMaker_manifest.rc
D:\MyProject\dataMaker\dataMaker\Debug\link.37448.read.1.tlog
D:\MyProject\dataMaker\dataMaker\Debug\link.37448.write.1.tlog
D:\MyProject\dataMaker\dataMaker\Debug\link.37448-cvtres.read.1.tlog
D:\MyProject\dataMaker\dataMaker\Debug\link.37448-cvtres.write.1.tlog
D:\MyProject\dataMaker\dataMaker\Debug\link.command.1.tlog
D:\MyProject\dataMaker\dataMaker\Debug\link.read.1.tlog
D:\MyProject\dataMaker\dataMaker\Debug\link.write.1.tlog
D:\MyProject\dataMaker\dataMaker\Debug\link-cvtres.read.1.tlog
D:\MyProject\dataMaker\dataMaker\Debug\link-cvtres.write.1.tlog
D:\MyProject\dataMaker\dataMaker\Debug\mt.command.1.tlog
D:\MyProject\dataMaker\dataMaker\Debug\mt.read.1.tlog
D:\MyProject\dataMaker\dataMaker\Debug\mt.write.1.tlog
D:\MyProject\dataMaker\dataMaker\Debug\rc.command.1.tlog
D:\MyProject\dataMaker\dataMaker\Debug\rc.read.1.tlog
D:\MyProject\dataMaker\dataMaker\Debug\rc.write.1.tlog
D:\MyProject\dataMaker\dataMaker\Debug\vc100.idb
D:\MYPROJECT\DATAMAKER\DATAMAKER\DEBUG\VC100.PDB
D:\MYPROJECT\DATAMAKER\DEBUG\DATAMAKER.EXE
D:\MYPROJECT\DATAMAKER\DEBUG\DATAMAKER.ILK
D:\MYPROJECT\DATAMAKER\DEBUG\DATAMAKER.PDB
