生成启动时间为 2013/1/29 18:07:08。
     1>项目“D:\MyProject\dataMaker\dataMaker\dataMaker.vcxproj”在节点 2 上(build 个目标)。
     1>InitializeBuildStatus:
         正在创建“Debug\dataMaker.unsuccessfulbuild”，因为已指定“AlwaysCreate”。
       ClCompile:
         C:\Program Files\Microsoft Visual Studio 10.0\VC\bin\CL.exe /c /ZI /nologo /W3 /WX- /Od /Oy- /D WIN32 /D _DEBUG /D _CONSOLE /D _UNICODE /D UNICODE /Gm /EHsc /RTC1 /MDd /GS /fp:precise /Zc:wchar_t /Zc:forScope /Fo"Debug\\" /Fd"Debug\vc100.pdb" /Gd /TC /analyze- /errorReport:prompt dataMaker.c
         dataMaker.c
     1>d:\myproject\datamaker\datamaker\datamaker.c(18): warning C4305: “初始化”: 从“double”到“float”截断
     1>d:\myproject\datamaker\datamaker\datamaker.c(18): warning C4305: “初始化”: 从“double”到“float”截断
     1>d:\myproject\datamaker\datamaker\datamaker.c(21): warning C4305: “初始化”: 从“double”到“float”截断
     1>d:\myproject\datamaker\datamaker\datamaker.c(21): warning C4305: “初始化”: 从“double”到“float”截断
     1>d:\myproject\datamaker\datamaker\datamaker.c(23): warning C4996: 'fopen': This function or variable may be unsafe. Consider using fopen_s instead. To disable deprecation, use _CRT_SECURE_NO_WARNINGS. See online help for details.
                 c:\program files\microsoft visual studio 10.0\vc\include\stdio.h(234) : 参见“fopen”的声明
     1>d:\myproject\datamaker\datamaker\datamaker.c(25): warning C4996: 'fopen': This function or variable may be unsafe. Consider using fopen_s instead. To disable deprecation, use _CRT_SECURE_NO_WARNINGS. See online help for details.
                 c:\program files\microsoft visual studio 10.0\vc\include\stdio.h(234) : 参见“fopen”的声明
     1>d:\myproject\datamaker\datamaker\datamaker.c(26): warning C4996: 'fscanf': This function or variable may be unsafe. Consider using fscanf_s instead. To disable deprecation, use _CRT_SECURE_NO_WARNINGS. See online help for details.
                 c:\program files\microsoft visual studio 10.0\vc\include\stdio.h(253) : 参见“fscanf”的声明
     1>d:\myproject\datamaker\datamaker\datamaker.c(29): warning C4996: 'fscanf': This function or variable may be unsafe. Consider using fscanf_s instead. To disable deprecation, use _CRT_SECURE_NO_WARNINGS. See online help for details.
                 c:\program files\microsoft visual studio 10.0\vc\include\stdio.h(253) : 参见“fscanf”的声明
     1>d:\myproject\datamaker\datamaker\datamaker.c(35): warning C4996: 'fscanf': This function or variable may be unsafe. Consider using fscanf_s instead. To disable deprecation, use _CRT_SECURE_NO_WARNINGS. See online help for details.
                 c:\program files\microsoft visual studio 10.0\vc\include\stdio.h(253) : 参见“fscanf”的声明
     1>d:\myproject\datamaker\datamaker\datamaker.c(51): warning C4244: “=”: 从“double”转换到“float”，可能丢失数据
     1>d:\myproject\datamaker\datamaker\datamaker.c(20): warning C4101: “atommass”: 未引用的局部变量
       ManifestResourceCompile:
         所有输出均为最新。
       Link:
         C:\Program Files\Microsoft Visual Studio 10.0\VC\bin\link.exe /ERRORREPORT:PROMPT /OUT:"D:\MyProject\dataMaker\Debug\dataMaker.exe" /INCREMENTAL /NOLOGO kernel32.lib user32.lib gdi32.lib winspool.lib comdlg32.lib advapi32.lib shell32.lib ole32.lib oleaut32.lib uuid.lib odbc32.lib odbccp32.lib /MANIFEST /ManifestFile:"Debug\dataMaker.exe.intermediate.manifest" /MANIFESTUAC:"level='asInvoker' uiAccess='false'" /DEBUG /PDB:"D:\MyProject\dataMaker\Debug\dataMaker.pdb" /SUBSYSTEM:CONSOLE /HEAP:"100000000","100000000" /STACK:"100000000","100000000" /TLBID:1 /DYNAMICBASE /NXCOMPAT /IMPLIB:"D:\MyProject\dataMaker\Debug\dataMaker.lib" /MACHINE:X86 Debug\dataMaker.exe.embed.manifest.res
         Debug\dataMaker.obj
       Manifest:
         C:\Program Files\Microsoft SDKs\Windows\v7.0A\bin\mt.exe /nologo /verbose /out:"Debug\dataMaker.exe.embed.manifest" /manifest Debug\dataMaker.exe.intermediate.manifest
         所有输出均为最新。
       LinkEmbedManifest:
         所有输出均为最新。
         dataMaker.vcxproj -> D:\MyProject\dataMaker\Debug\dataMaker.exe
       FinalizeBuildStatus:
         正在删除文件“Debug\dataMaker.unsuccessfulbuild”。
         正在对“Debug\dataMaker.lastbuildstate”执行 Touch 任务。
     1>已完成生成项目“D:\MyProject\dataMaker\dataMaker\dataMaker.vcxproj”(build 个目标)的操作。

生成成功。

已用时间 00:00:00.43
