生成启动时间为 2013/1/8 14:31:53。
     1>项目“D:\MyProject\Osmosis\flow_rate\flow_rate\flow_rate.vcxproj”在节点 2 上(build 个目标)。
     1>InitializeBuildStatus:
         正在创建“Debug\flow_rate.unsuccessfulbuild”，因为已指定“AlwaysCreate”。
       ClCompile:
         C:\Program Files\Microsoft Visual Studio 10.0\VC\bin\CL.exe /c /ZI /nologo /W3 /WX- /Od /Oy- /D WIN32 /D _DEBUG /D _CONSOLE /D _UNICODE /D UNICODE /Gm /EHsc /RTC1 /MDd /GS /fp:precise /Zc:wchar_t /Zc:forScope /Fo"Debug\\" /Fd"Debug\vc100.pdb" /Gd /TC /analyze- /errorReport:prompt flow_rate.c
         flow_rate.c
     1>d:\myproject\osmosis\flow_rate\flow_rate\flow_rate.c(18): warning C4996: 'fopen': This function or variable may be unsafe. Consider using fopen_s instead. To disable deprecation, use _CRT_SECURE_NO_WARNINGS. See online help for details.
                 c:\program files\microsoft visual studio 10.0\vc\include\stdio.h(234) : 参见“fopen”的声明
     1>d:\myproject\osmosis\flow_rate\flow_rate\flow_rate.c(20): warning C4996: 'fopen': This function or variable may be unsafe. Consider using fopen_s instead. To disable deprecation, use _CRT_SECURE_NO_WARNINGS. See online help for details.
                 c:\program files\microsoft visual studio 10.0\vc\include\stdio.h(234) : 参见“fopen”的声明
     1>d:\myproject\osmosis\flow_rate\flow_rate\flow_rate.c(21): warning C4996: 'fopen': This function or variable may be unsafe. Consider using fopen_s instead. To disable deprecation, use _CRT_SECURE_NO_WARNINGS. See online help for details.
                 c:\program files\microsoft visual studio 10.0\vc\include\stdio.h(234) : 参见“fopen”的声明
     1>d:\myproject\osmosis\flow_rate\flow_rate\flow_rate.c(27): warning C4996: 'fscanf': This function or variable may be unsafe. Consider using fscanf_s instead. To disable deprecation, use _CRT_SECURE_NO_WARNINGS. See online help for details.
                 c:\program files\microsoft visual studio 10.0\vc\include\stdio.h(253) : 参见“fscanf”的声明
     1>d:\myproject\osmosis\flow_rate\flow_rate\flow_rate.c(31): warning C4996: 'fscanf': This function or variable may be unsafe. Consider using fscanf_s instead. To disable deprecation, use _CRT_SECURE_NO_WARNINGS. See online help for details.
                 c:\program files\microsoft visual studio 10.0\vc\include\stdio.h(253) : 参见“fscanf”的声明
     1>d:\myproject\osmosis\flow_rate\flow_rate\flow_rate.c(38): warning C4996: 'fscanf': This function or variable may be unsafe. Consider using fscanf_s instead. To disable deprecation, use _CRT_SECURE_NO_WARNINGS. See online help for details.
                 c:\program files\microsoft visual studio 10.0\vc\include\stdio.h(253) : 参见“fscanf”的声明
     1>d:\myproject\osmosis\flow_rate\flow_rate\flow_rate.c(46): warning C4996: 'fscanf': This function or variable may be unsafe. Consider using fscanf_s instead. To disable deprecation, use _CRT_SECURE_NO_WARNINGS. See online help for details.
                 c:\program files\microsoft visual studio 10.0\vc\include\stdio.h(253) : 参见“fscanf”的声明
     1>d:\myproject\osmosis\flow_rate\flow_rate\flow_rate.c(49): warning C4996: 'fscanf': This function or variable may be unsafe. Consider using fscanf_s instead. To disable deprecation, use _CRT_SECURE_NO_WARNINGS. See online help for details.
                 c:\program files\microsoft visual studio 10.0\vc\include\stdio.h(253) : 参见“fscanf”的声明
     1>d:\myproject\osmosis\flow_rate\flow_rate\flow_rate.c(57): warning C4996: 'fscanf': This function or variable may be unsafe. Consider using fscanf_s instead. To disable deprecation, use _CRT_SECURE_NO_WARNINGS. See online help for details.
                 c:\program files\microsoft visual studio 10.0\vc\include\stdio.h(253) : 参见“fscanf”的声明
     1>d:\myproject\osmosis\flow_rate\flow_rate\flow_rate.c(10): warning C4101: “max”: 未引用的局部变量
       ManifestResourceCompile:
         所有输出均为最新。
       Link:
         C:\Program Files\Microsoft Visual Studio 10.0\VC\bin\link.exe /ERRORREPORT:PROMPT /OUT:"D:\MyProject\Osmosis\flow_rate\Debug\flow_rate.exe" /INCREMENTAL /NOLOGO kernel32.lib user32.lib gdi32.lib winspool.lib comdlg32.lib advapi32.lib shell32.lib ole32.lib oleaut32.lib uuid.lib odbc32.lib odbccp32.lib /MANIFEST /ManifestFile:"Debug\flow_rate.exe.intermediate.manifest" /MANIFESTUAC:"level='asInvoker' uiAccess='false'" /DEBUG /PDB:"D:\MyProject\Osmosis\flow_rate\Debug\flow_rate.pdb" /SUBSYSTEM:CONSOLE /TLBID:1 /DYNAMICBASE /NXCOMPAT /IMPLIB:"D:\MyProject\Osmosis\flow_rate\Debug\flow_rate.lib" /MACHINE:X86 Debug\flow_rate.exe.embed.manifest.res
         Debug\flow_rate.obj
       Manifest:
         C:\Program Files\Microsoft SDKs\Windows\v7.0A\bin\mt.exe /nologo /verbose /out:"Debug\flow_rate.exe.embed.manifest" /manifest Debug\flow_rate.exe.intermediate.manifest
         所有输出均为最新。
       LinkEmbedManifest:
         所有输出均为最新。
         flow_rate.vcxproj -> D:\MyProject\Osmosis\flow_rate\Debug\flow_rate.exe
       FinalizeBuildStatus:
         正在删除文件“Debug\flow_rate.unsuccessfulbuild”。
         正在对“Debug\flow_rate.lastbuildstate”执行 Touch 任务。
     1>已完成生成项目“D:\MyProject\Osmosis\flow_rate\flow_rate\flow_rate.vcxproj”(build 个目标)的操作。

生成成功。

已用时间 00:00:01.46
