D:\MYPROJECT\OSMOSIS\OSMOSIS_FINAL\DEBUG\OSMOSIS_FINAL.EXE
D:\MYPROJECT\OSMOSIS\OSMOSIS_FINAL\DEBUG\OSMOSIS_FINAL.ILK
D:\MYPROJECT\OSMOSIS\OSMOSIS_FINAL\DEBUG\OSMOSIS_FINAL.PDB
D:\MyProject\Osmosis\Osmosis_final\Osmosis_final\Debug\cl.command.1.tlog
D:\MyProject\Osmosis\Osmosis_final\Osmosis_final\Debug\CL.read.1.tlog
D:\MyProject\Osmosis\Osmosis_final\Osmosis_final\Debug\CL.write.1.tlog
D:\MYPROJECT\OSMOSIS\OSMOSIS_FINAL\OSMOSIS_FINAL\DEBUG\FINAL_DATA.OBJ
D:\MyProject\Osmosis\Osmosis_final\Osmosis_final\Debug\link.6072.read.1.tlog
D:\MyProject\Osmosis\Osmosis_final\Osmosis_final\Debug\link.6072.write.1.tlog
D:\MyProject\Osmosis\Osmosis_final\Osmosis_final\Debug\link.6072-cvtres.read.1.tlog
D:\MyProject\Osmosis\Osmosis_final\Osmosis_final\Debug\link.6072-cvtres.write.1.tlog
D:\MyProject\Osmosis\Osmosis_final\Osmosis_final\Debug\link.6252.read.1.tlog
D:\MyProject\Osmosis\Osmosis_final\Osmosis_final\Debug\link.6252.write.1.tlog
D:\MyProject\Osmosis\Osmosis_final\Osmosis_final\Debug\link.6252-cvtres.read.1.tlog
D:\MyProject\Osmosis\Osmosis_final\Osmosis_final\Debug\link.6252-cvtres.write.1.tlog
D:\MyProject\Osmosis\Osmosis_final\Osmosis_final\Debug\link.command.1.tlog
D:\MyProject\Osmosis\Osmosis_final\Osmosis_final\Debug\link.read.1.tlog
D:\MyProject\Osmosis\Osmosis_final\Osmosis_final\Debug\link.write.1.tlog
D:\MyProject\Osmosis\Osmosis_final\Osmosis_final\Debug\link-cvtres.read.1.tlog
D:\MyProject\Osmosis\Osmosis_final\Osmosis_final\Debug\link-cvtres.write.1.tlog
D:\MyProject\Osmosis\Osmosis_final\Osmosis_final\Debug\mt.command.1.tlog
D:\MyProject\Osmosis\Osmosis_final\Osmosis_final\Debug\mt.read.1.tlog
D:\MyProject\Osmosis\Osmosis_final\Osmosis_final\Debug\mt.write.1.tlog
D:\MYPROJECT\OSMOSIS\OSMOSIS_FINAL\OSMOSIS_FINAL\DEBUG\OSMOSIS_FINAL.EXE.EMBED.MANIFEST
D:\MYPROJECT\OSMOSIS\OSMOSIS_FINAL\OSMOSIS_FINAL\DEBUG\OSMOSIS_FINAL.EXE.EMBED.MANIFEST.RES
D:\MYPROJECT\OSMOSIS\OSMOSIS_FINAL\OSMOSIS_FINAL\DEBUG\OSMOSIS_FINAL.EXE.INTERMEDIATE.MANIFEST
D:\MyProject\Osmosis\Osmosis_final\Osmosis_final\Debug\Osmosis_final_manifest.rc
D:\MyProject\Osmosis\Osmosis_final\Osmosis_final\Debug\rc.command.1.tlog
D:\MyProject\Osmosis\Osmosis_final\Osmosis_final\Debug\rc.read.1.tlog
D:\MyProject\Osmosis\Osmosis_final\Osmosis_final\Debug\rc.write.1.tlog
D:\MyProject\Osmosis\Osmosis_final\Osmosis_final\Debug\vc100.idb
D:\MYPROJECT\OSMOSIS\OSMOSIS_FINAL\OSMOSIS_FINAL\DEBUG\VC100.PDB
